<?xml version="1.0" encoding="UTF-8"?>
<testng-results ignored="0" total="3" passed="3" failed="0" skipped="0">
  <reporter-output>
  </reporter-output>
  <suite started-at="2022-09-20T22:01:04 EDT" name="Default suite" finished-at="2022-09-20T22:01:31 EDT" duration-ms="26228">
    <groups>
    </groups>
    <test started-at="2022-09-20T22:01:04 EDT" name="Default test" finished-at="2022-09-20T22:01:31 EDT" duration-ms="26228">
      <class name="testNgPackage.OpenWebsites">
        <test-method signature="OpeningAppleWebPage()[pri:0, instance:testNgPackage.OpenWebsites@2177849e]" started-at="2022-09-20T22:01:04 EDT" name="OpeningAppleWebPage" finished-at="2022-09-20T22:01:13 EDT" duration-ms="8357" status="PASS">
          <reporter-output>
          </reporter-output>
        </test-method> <!-- OpeningAppleWebPage -->
        <test-method signature="OpeningMicrosoftWebPage()[pri:0, instance:testNgPackage.OpenWebsites@2177849e]" started-at="2022-09-20T22:01:13 EDT" name="OpeningMicrosoftWebPage" finished-at="2022-09-20T22:01:19 EDT" duration-ms="5918" status="PASS">
          <reporter-output>
          </reporter-output>
        </test-method> <!-- OpeningMicrosoftWebPage -->
        <test-method signature="OpeningYouTubeWebpage()[pri:0, instance:testNgPackage.OpenWebsites@2177849e]" started-at="2022-09-20T22:01:19 EDT" name="OpeningYouTubeWebpage" finished-at="2022-09-20T22:01:31 EDT" duration-ms="11911" status="PASS">
          <reporter-output>
          </reporter-output>
        </test-method> <!-- OpeningYouTubeWebpage -->
      </class> <!-- testNgPackage.OpenWebsites -->
    </test> <!-- Default test -->
  </suite> <!-- Default suite -->
</testng-results>
