<?xml version="1.0" encoding="UTF-8"?>
<!-- Generated by org.testng.reporters.JUnitXMLReporter -->
<testsuite ignored="0" hostname="DESKTOP-B8PP1IT" failures="0" tests="3" name="Default test" time="26.228" errors="0" timestamp="2022-09-20T22:01:31 EDT">
  <testcase classname="testNgPackage.OpenWebsites" name="OpeningAppleWebPage" time="8.357"/>
  <testcase classname="testNgPackage.OpenWebsites" name="OpeningMicrosoftWebPage" time="5.918"/>
  <testcase classname="testNgPackage.OpenWebsites" name="OpeningYouTubeWebpage" time="11.911"/>
</testsuite> <!-- Default test -->
