<?xml version="1.0" encoding="UTF-8"?>
<!-- Generated by org.testng.reporters.JUnitXMLReporter -->
<testsuite ignored="0" hostname="DESKTOP-B8PP1IT" failures="0" tests="3" name="Default test" time="17.488" errors="0" timestamp="2022-09-24T17:43:33 EDT">
  <testcase classname="testNgPackage.DataProviderClass" name="checking" time="5.847"/>
  <testcase classname="testNgPackage.DataProviderClass" name="checking" time="4.545"/>
  <testcase classname="testNgPackage.DataProviderClass" name="checking" time="7.046"/>
</testsuite> <!-- Default test -->
