<?xml version="1.0" encoding="UTF-8"?>
<!-- Generated by org.testng.reporters.JUnitXMLReporter -->
<testsuite ignored="0" hostname="DESKTOP-B8PP1IT" failures="0" tests="8" name="Default test" time="145.439" errors="0" timestamp="2022-08-29T13:59:46 EDT">
  <testcase classname="testNgPackage.OpenBrowserClass" name="AddTheBookIntotheBasket" time="19.901"/>
  <testcase classname="testNgPackage.OpenBrowserClass" name="ClickOnDescriptionTab" time="26.887"/>
  <testcase classname="testNgPackage.OpenBrowserClass" name="ClickOnTheHomeButton" time="15.718"/>
  <testcase classname="testNgPackage.OpenBrowserClass" name="ClickOnTheShopButton" time="11.736"/>
  <testcase classname="testNgPackage.OpenBrowserClass" name="ClikingImageArrivals" time="36.106"/>
  <testcase classname="testNgPackage.OpenBrowserClass" name="EnterTheUrl" time="8.858"/>
  <testcase classname="testNgPackage.OpenBrowserClass" name="HomePageThreeSliders" time="16.831"/>
  <testcase classname="testNgPackage.OpenBrowserClass" name="OpeningBrowser" time="9.353"/>
</testsuite> <!-- Default test -->
