<?xml version="1.0" encoding="UTF-8"?>
<!-- Generated by org.testng.reporters.JUnitXMLReporter -->
<testsuite ignored="0" hostname="DESKTOP-B8PP1IT" failures="0" tests="8" name="Default test" time="83.454" errors="0" timestamp="2022-09-09T16:43:14 EDT">
  <testcase classname="testNgPackage_SimilarProgramPractice.BeforeAfter_SimilarPractice" name="OpeningBrowserTwo" time="10.345"/>
  <testcase classname="testNgPackage_SimilarProgramPractice.BeforeAfter_SimilarPractice" name="openingUrl" time="2.02"/>
  <testcase classname="testNgPackage_SimilarProgramPractice.BeforeAfter_SimilarPractice" name="ShopButton" time="5.817"/>
  <testcase classname="testNgPackage_SimilarProgramPractice.BeforeAfter_SimilarPractice" name="clickHomeButton" time="4.467"/>
  <testcase classname="testNgPackage_SimilarProgramPractice.BeforeAfter_SimilarPractice" name="threeSliders" time="8.451"/>
  <testcase classname="testNgPackage_SimilarProgramPractice.BeforeAfter_SimilarPractice" name="arrivalImage" time="24.002"/>
  <testcase classname="testNgPackage_SimilarProgramPractice.BeforeAfter_SimilarPractice" name="addingBookIntoBasket" time="6.277"/>
  <testcase classname="testNgPackage_SimilarProgramPractice.BeforeAfter_SimilarPractice" name="clickingOnDescription" time="19.61"/>
</testsuite> <!-- Default test -->
