<?xml version="1.0" encoding="UTF-8"?>
<testng-results ignored="0" total="2" passed="2" failed="0" skipped="0">
  <reporter-output>
  </reporter-output>
  <suite started-at="2022-08-24T11:32:21 EDT" name="Default suite" finished-at="2022-08-24T11:32:34 EDT" duration-ms="12579">
    <groups>
    </groups>
    <test started-at="2022-08-24T11:32:21 EDT" name="Default test" finished-at="2022-08-24T11:32:34 EDT" duration-ms="12579">
      <class name="testNgPackage.AssertLogin">
        <test-method is-config="true" signature="beforeTest()[pri:0, instance:testNgPackage.AssertLogin@31e5415e]" started-at="2022-08-24T11:32:21 EDT" name="beforeTest" finished-at="2022-08-24T11:32:23 EDT" duration-ms="2150" status="PASS">
          <reporter-output>
          </reporter-output>
        </test-method> <!-- beforeTest -->
        <test-method signature="performLogin()[pri:0, instance:testNgPackage.AssertLogin@31e5415e]" started-at="2022-08-24T11:32:23 EDT" name="performLogin" finished-at="2022-08-24T11:32:32 EDT" duration-ms="8030" status="PASS">
          <reporter-output>
          </reporter-output>
        </test-method> <!-- performLogin -->
        <test-method signature="assertHomePage()[pri:0, instance:testNgPackage.AssertLogin@31e5415e]" started-at="2022-08-24T11:32:32 EDT" name="assertHomePage" finished-at="2022-08-24T11:32:34 EDT" depends-on-methods="testNgPackage.AssertLogin.performLogin" duration-ms="2047" status="PASS">
          <reporter-output>
          </reporter-output>
        </test-method> <!-- assertHomePage -->
        <test-method is-config="true" signature="afterTest()[pri:0, instance:testNgPackage.AssertLogin@31e5415e]" started-at="2022-08-24T11:32:34 EDT" name="afterTest" finished-at="2022-08-24T11:32:34 EDT" duration-ms="278" status="PASS">
          <reporter-output>
          </reporter-output>
        </test-method> <!-- afterTest -->
      </class> <!-- testNgPackage.AssertLogin -->
    </test> <!-- Default test -->
  </suite> <!-- Default suite -->
</testng-results>
